[INFO] 30-10-2024 21:10:40 [main] [Tests.TC02_LandingTest.setUp(TC02_LandingTest.java:34)] - Chrome driver is opened
[INFO] 30-10-2024 21:10:41 [main] [Tests.TC02_LandingTest.setUp(TC02_LandingTest.java:36)] - Page is redirected to URL
[ERROR] 30-10-2024 21:10:49 [main] [Utilittes.Utility.takingFullScreenShoot(Utility.java:92)] - no such element: Unable to locate element: {"method":"css selector","selector":".shopping_cart_link"}
  (Session info: chrome=129.0.6668.100)
For documentation on this error, please visit: https://www.selenium.dev/documentation/webdriver/troubleshooting/errors#no-such-element-exception
Build info: version: '4.25.0', revision: '8a8aea2337'
System info: os.name: 'Windows 10', os.arch: 'amd64', os.version: '10.0', java.version: '21.0.3'
Driver info: org.openqa.selenium.chrome.ChromeDriver
Command: [7ea171100dbbaaab72e77312a4fa6e99, findElement {using=class name, value=shopping_cart_link}]
Capabilities {acceptInsecureCerts: false, browserName: chrome, browserVersion: 129.0.6668.100, chrome: {chromedriverVersion: 129.0.6668.100 (cf58cba358d..., userDataDir: C:\Users\MOSTAF~1\AppData\L...}, fedcm:accounts: true, goog:chromeOptions: {debuggerAddress: localhost:54077}, networkConnectionEnabled: false, pageLoadStrategy: normal, platformName: windows, proxy: Proxy(), se:cdp: ws://localhost:54077/devtoo..., se:cdpVersion: 129.0.6668.100, setWindowRect: true, strictFileInteractability: false, timeouts: {implicit: 0, pageLoad: 300000, script: 30000}, unhandledPromptBehavior: dismiss and notify, webauthn:extension:credBlob: true, webauthn:extension:largeBlob: true, webauthn:extension:minPinLength: true, webauthn:extension:prf: true, webauthn:virtualAuthenticators: true}
Session ID: 7ea171100dbbaaab72e77312a4fa6e99
[INFO] 30-10-2024 21:10:49 [main] [Listeners.iTestResultListenersClass.onTestStart(iTestResultListenersClass.java:9)] - Test CaseclickOnCartIconStarted
[INFO] 30-10-2024 21:10:51 [main] [Listeners.iTestResultListenersClass.onTestSuccess(iTestResultListenersClass.java:13)] - Test CaseclickOnCartIconPassed
[ERROR] 30-10-2024 21:10:53 [main] [Utilittes.Utility.takingFullScreenShoot(Utility.java:92)] - Cannot invoke "org.openqa.selenium.JavascriptExecutor.executeScript(String, Object[])" because "js" is null
